<?xml version="1.0" encoding="UTF-8"?>
<!-- Generated by org.testng.reporters.JUnitReportReporter -->
<testsuite hostname="DESKTOP-QN60EUR" failures="0" tests="1" name="test.TestHotelAppTest" time="10.827" errors="0" timestamp="2022-04-05T15:04:31 IST" skipped="0">
  <testcase classname="test.TestHotelAppTest" name="TestHotelApp" time="10.827"/>
  <system-out/>
</testsuite> <!-- test.TestHotelAppTest -->
