<?xml version="1.0" encoding="UTF-8"?>
<!-- Generated by org.testng.reporters.JUnitReportReporter -->
<testsuite hostname="DESKTOP-QN60EUR" failures="0" tests="1" name="test.NewTest" time="12.036" errors="0" timestamp="2022-04-05T15:04:31 IST" skipped="0">
  <testcase classname="test.NewTest" name="test1" time="12.036"/>
  <system-out/>
</testsuite> <!-- test.NewTest -->
